{"level":"info","message":"Signed in successfully.","plugin":"proxy","timestamp":"2025-08-30T10:41:29.226Z"}
{"level":"info","message":"发现54个通知来源。","plugin":"cli","timestamp":"2025-08-30T10:41:31.570Z"}
{"hook":"fetch_each.before","level":"debug","message":"开始获取“睿信”。","plugin":"cli","timestamp":"2025-08-30T10:41:31.571Z"}
{"hook":"fetch_each.before","level":"debug","message":"开始获取“求是”。","plugin":"cli","timestamp":"2025-08-30T10:41:31.571Z"}
{"hook":"fetch_each.before","level":"debug","message":"开始获取“精工”。","plugin":"cli","timestamp":"2025-08-30T10:41:31.572Z"}
{"hook":"fetch_each.before","level":"debug","message":"开始获取“明德”。","plugin":"cli","timestamp":"2025-08-30T10:41:31.572Z"}
{"hook":"fetch_each.before","level":"debug","message":"开始获取“经管”。","plugin":"cli","timestamp":"2025-08-30T10:41:31.572Z"}
{"hook":"fetch_each.before","level":"debug","message":"开始获取“知艺”。","plugin":"cli","timestamp":"2025-08-30T10:41:31.572Z"}
{"hook":"fetch_each.before","level":"debug","message":"开始获取“特立”。","plugin":"cli","timestamp":"2025-08-30T10:41:31.572Z"}
{"hook":"fetch_each.before","level":"debug","message":"开始获取“北京书院”。","plugin":"cli","timestamp":"2025-08-30T10:41:31.572Z"}
{"hook":"fetch_each.before","level":"debug","message":"开始获取“留学生”。","plugin":"cli","timestamp":"2025-08-30T10:41:31.572Z"}
{"hook":"fetch_each.before","level":"debug","message":"开始获取“马克思”。","plugin":"cli","timestamp":"2025-08-30T10:41:31.572Z"}
{"hook":"fetch_each.before","level":"debug","message":"开始获取“研究生”。","plugin":"cli","timestamp":"2025-08-30T10:41:31.572Z"}
{"hook":"fetch_each.before","level":"debug","message":"开始获取“通用”。","plugin":"cli","timestamp":"2025-08-30T10:41:31.572Z"}
{"hook":"fetch_each.before","level":"debug","message":"开始获取“教务部”。","plugin":"cli","timestamp":"2025-08-30T10:41:31.572Z"}
{"hook":"fetch_each.before","level":"debug","message":"开始获取“教学中心”。","plugin":"cli","timestamp":"2025-08-30T10:41:31.572Z"}
{"hook":"fetch_each.before","level":"debug","message":"开始获取“学工部等”。","plugin":"cli","timestamp":"2025-08-30T10:41:31.572Z"}
{"hook":"fetch_each.before","level":"debug","message":"开始获取“计算机”。","plugin":"cli","timestamp":"2025-08-30T10:41:31.573Z"}
{"hook":"fetch_each.before","level":"debug","message":"开始获取“学生事务”。","plugin":"cli","timestamp":"2025-08-30T10:41:31.573Z"}
{"hook":"fetch_each.before","level":"debug","message":"开始获取“创新创业”。","plugin":"cli","timestamp":"2025-08-30T10:41:31.573Z"}
{"hook":"fetch_each.before","level":"debug","message":"开始获取“资助公示”。","plugin":"cli","timestamp":"2025-08-30T10:41:31.573Z"}
{"hook":"fetch_each.before","level":"debug","message":"开始获取“大创”。","plugin":"cli","timestamp":"2025-08-30T10:41:31.573Z"}
{"hook":"fetch_each.before","level":"debug","message":"开始获取“光电”。","plugin":"cli","timestamp":"2025-08-30T10:41:31.573Z"}
{"hook":"fetch_each.before","level":"debug","message":"开始获取“网信”。","plugin":"cli","timestamp":"2025-08-30T10:41:31.573Z"}
{"hook":"fetch_each.before","level":"debug","message":"开始获取“人事”。","plugin":"cli","timestamp":"2025-08-30T10:41:31.573Z"}
{"hook":"fetch_each.before","level":"debug","message":"开始获取“公开数据”。","plugin":"cli","timestamp":"2025-08-30T10:41:31.573Z"}
{"hook":"fetch_each.before","level":"debug","message":"开始获取“公开通知”。","plugin":"cli","timestamp":"2025-08-30T10:41:31.573Z"}
{"hook":"fetch_each.before","level":"debug","message":"开始获取“校医院”。","plugin":"cli","timestamp":"2025-08-30T10:41:31.573Z"}
{"hook":"fetch_each.before","level":"debug","message":"开始获取“国际交流”。","plugin":"cli","timestamp":"2025-08-30T10:41:31.573Z"}
{"hook":"fetch_each.before","level":"debug","message":"开始获取“新生”。","plugin":"cli","timestamp":"2025-08-30T10:41:31.573Z"}
{"hook":"fetch_each.before","level":"debug","message":"开始获取“信电”。","plugin":"cli","timestamp":"2025-08-30T10:41:31.573Z"}
{"hook":"fetch_each.before","level":"debug","message":"开始获取“网安”。","plugin":"cli","timestamp":"2025-08-30T10:41:31.573Z"}
{"hook":"fetch_each.before","level":"debug","message":"开始获取“集电”。","plugin":"cli","timestamp":"2025-08-30T10:41:31.573Z"}
{"hook":"fetch_each.before","level":"debug","message":"开始获取“机车”。","plugin":"cli","timestamp":"2025-08-30T10:41:31.573Z"}
{"hook":"fetch_each.before","level":"debug","message":"开始获取“数学”。","plugin":"cli","timestamp":"2025-08-30T10:41:31.573Z"}
{"hook":"fetch_each.before","level":"debug","message":"开始获取“物理”。","plugin":"cli","timestamp":"2025-08-30T10:41:31.573Z"}
{"hook":"fetch_each.before","level":"debug","message":"开始获取“机电”。","plugin":"cli","timestamp":"2025-08-30T10:41:31.573Z"}
{"hook":"fetch_each.before","level":"debug","message":"开始获取“生命”。","plugin":"cli","timestamp":"2025-08-30T10:41:31.573Z"}
{"hook":"fetch_each.before","level":"debug","message":"开始获取“宇航”。","plugin":"cli","timestamp":"2025-08-30T10:41:31.573Z"}
{"hook":"fetch_each.before","level":"debug","message":"开始获取“医学”。","plugin":"cli","timestamp":"2025-08-30T10:41:31.573Z"}
{"hook":"fetch_each.before","level":"debug","message":"开始获取“自动化”。","plugin":"cli","timestamp":"2025-08-30T10:41:31.573Z"}
{"hook":"fetch_each.before","level":"debug","message":"开始获取“人文”。","plugin":"cli","timestamp":"2025-08-30T10:41:31.573Z"}
{"hook":"fetch_each.before","level":"debug","message":"开始获取“人文素质”。","plugin":"cli","timestamp":"2025-08-30T10:41:31.573Z"}
{"hook":"fetch_each.before","level":"debug","message":"开始获取“课程”。","plugin":"cli","timestamp":"2025-08-30T10:41:31.573Z"}
{"hook":"fetch_each.before","level":"debug","message":"开始获取“国际组织”。","plugin":"cli","timestamp":"2025-08-30T10:41:31.573Z"}
{"hook":"fetch_each.before","level":"debug","message":"开始获取“法学”。","plugin":"cli","timestamp":"2025-08-30T10:41:31.573Z"}
{"hook":"fetch_each.before","level":"debug","message":"开始获取“材料”。","plugin":"cli","timestamp":"2025-08-30T10:41:31.573Z"}
{"hook":"fetch_each.before","level":"debug","message":"开始获取“外国语”。","plugin":"cli","timestamp":"2025-08-30T10:41:31.573Z"}
{"hook":"fetch_each.before","level":"debug","message":"开始获取“化学”。","plugin":"cli","timestamp":"2025-08-30T10:41:31.573Z"}
{"hook":"fetch_each.before","level":"debug","message":"开始获取“招采”。","plugin":"cli","timestamp":"2025-08-30T10:41:31.573Z"}
{"hook":"fetch_each.before","level":"debug","message":"开始获取“资实”。","plugin":"cli","timestamp":"2025-08-30T10:41:31.573Z"}
{"hook":"fetch_each.before","level":"debug","message":"开始获取“党政部”。","plugin":"cli","timestamp":"2025-08-30T10:41:31.573Z"}
{"hook":"fetch_each.before","level":"debug","message":"开始获取“数学实验”。","plugin":"cli","timestamp":"2025-08-30T10:41:31.573Z"}
{"hook":"fetch_each.before","level":"debug","message":"开始获取“图书馆”。","plugin":"cli","timestamp":"2025-08-30T10:41:31.573Z"}
{"hook":"fetch_each.before","level":"debug","message":"开始获取“图书馆讲座”。","plugin":"cli","timestamp":"2025-08-30T10:41:31.573Z"}
{"hook":"fetch_each.before","level":"debug","message":"开始获取“延河”。","plugin":"cli","timestamp":"2025-08-30T10:41:31.573Z"}
{"level":"http","message":"Request https://century.bit.edu.cn/tz/index.htm with proxy.","plugin":"proxy","timestamp":"2025-08-30T10:41:31.576Z"}
{"level":"http","message":"Request https://student.bit.edu.cn/tzgg/index.htm with proxy.","plugin":"proxy","timestamp":"2025-08-30T10:41:31.577Z"}
{"level":"http","message":"Request https://student.bit.edu.cn/xngs/index.blk.htm with proxy.","plugin":"proxy","timestamp":"2025-08-30T10:41:31.577Z"}
{"level":"http","message":"Request http://cxcy.bit.edu.cn/pt/pt/Notice with proxy.","plugin":"proxy","timestamp":"2025-08-30T10:41:31.578Z"}
{"level":"http","message":"Request https://dzb.bit.edu.cn/cms/web/notify/search?page=1&status=7&rows=20&order=1&sortFiled=publishDate with proxy.","plugin":"proxy","timestamp":"2025-08-30T10:41:31.579Z"}
{"level":"http","message":"Request http://mec.bit.edu.cn/pcmd/ajax.php?vpn-12-o1-mec.bit.edu.cn&act=getmanage_nologin&w=新闻公告 with proxy.","plugin":"proxy","timestamp":"2025-08-30T10:41:31.580Z"}
{"hook":"fetch_each.after","level":"debug","message":"结束获取“学工部等”。","plugin":"cli","timestamp":"2025-08-30T10:41:32.392Z"}
{"hook":"fetch_each.error","level":"error","message":"TypeError: error sending request for url (https://rw.bit.edu.cn/rwszjyb/tzxw/index.htm): client error (Connect): tcp connect error: Connection refused (os error 111): Connection refused (os error 111)","plugin":"cli","timestamp":"2025-08-30T10:41:32.709Z"}
{"hook":"fetch_each.error","level":"error","message":"TypeError: error sending request for url (https://rw.bit.edu.cn/tzgg/index.htm): client error (Connect): tcp connect error: Connection refused (os error 111): Connection refused (os error 111)","plugin":"cli","timestamp":"2025-08-30T10:41:32.709Z"}
{"hook":"fetch_each.after","level":"debug","message":"结束获取“人文素质”。","plugin":"cli","timestamp":"2025-08-30T10:41:32.709Z"}
{"hook":"fetch_each.after","level":"debug","message":"结束获取“人文”。","plugin":"cli","timestamp":"2025-08-30T10:41:32.709Z"}
{"level":"warn","message":"未从“学生事务”获取到任何通知。将忽略。","plugin":"cli","timestamp":"2025-08-30T10:41:32.825Z"}
{"hook":"fetch_each.after","level":"debug","message":"结束获取“学生事务”。","plugin":"cli","timestamp":"2025-08-30T10:41:32.825Z"}
{"hook":"fetch_each.after","level":"debug","message":"结束获取“党政部”。","plugin":"cli","timestamp":"2025-08-30T10:41:32.899Z"}
{"hook":"fetch_each.after","level":"debug","message":"结束获取“数学实验”。","plugin":"cli","timestamp":"2025-08-30T10:41:32.900Z"}
{"hook":"fetch_each.after","level":"debug","message":"结束获取“精工”。","plugin":"cli","timestamp":"2025-08-30T10:41:32.948Z"}
{"hook":"fetch_each.after","level":"debug","message":"结束获取“睿信”。","plugin":"cli","timestamp":"2025-08-30T10:41:32.959Z"}
{"hook":"fetch_each.after","level":"debug","message":"结束获取“经管”。","plugin":"cli","timestamp":"2025-08-30T10:41:32.968Z"}
{"hook":"fetch_each.after","level":"debug","message":"结束获取“留学生”。","plugin":"cli","timestamp":"2025-08-30T10:41:33.004Z"}
{"level":"warn","message":"未从“计算机”获取到任何通知。将忽略。","plugin":"cli","timestamp":"2025-08-30T10:41:33.031Z"}
{"hook":"fetch_each.after","level":"debug","message":"结束获取“计算机”。","plugin":"cli","timestamp":"2025-08-30T10:41:33.031Z"}
{"hook":"fetch_each.after","level":"debug","message":"结束获取“知艺”。","plugin":"cli","timestamp":"2025-08-30T10:41:33.031Z"}
{"hook":"fetch_each.after","level":"debug","message":"结束获取“教务部”。","plugin":"cli","timestamp":"2025-08-30T10:41:33.040Z"}
{"hook":"fetch_each.after","level":"debug","message":"结束获取“网安”。","plugin":"cli","timestamp":"2025-08-30T10:41:33.050Z"}
{"level":"warn","message":"未从“资助公示”获取到任何通知。将忽略。","plugin":"cli","timestamp":"2025-08-30T10:41:33.079Z"}
{"hook":"fetch_each.after","level":"debug","message":"结束获取“资助公示”。","plugin":"cli","timestamp":"2025-08-30T10:41:33.079Z"}
{"hook":"fetch_each.after","level":"debug","message":"结束获取“求是”。","plugin":"cli","timestamp":"2025-08-30T10:41:33.110Z"}
{"hook":"fetch_each.after","level":"debug","message":"结束获取“图书馆”。","plugin":"cli","timestamp":"2025-08-30T10:41:33.111Z"}
{"hook":"fetch_each.after","level":"debug","message":"结束获取“图书馆讲座”。","plugin":"cli","timestamp":"2025-08-30T10:41:33.125Z"}
{"hook":"fetch_each.after","level":"debug","message":"结束获取“创新创业”。","plugin":"cli","timestamp":"2025-08-30T10:41:33.144Z"}
{"hook":"fetch_each.after","level":"debug","message":"结束获取“大创”。","plugin":"cli","timestamp":"2025-08-30T10:41:33.204Z"}
{"hook":"fetch_each.after","level":"debug","message":"结束获取“课程”。","plugin":"cli","timestamp":"2025-08-30T10:41:33.222Z"}
{"hook":"fetch_each.after","level":"debug","message":"结束获取“特立”。","plugin":"cli","timestamp":"2025-08-30T10:41:33.227Z"}
{"hook":"fetch_each.after","level":"debug","message":"结束获取“教学中心”。","plugin":"cli","timestamp":"2025-08-30T10:41:33.236Z"}
{"hook":"fetch_each.after","level":"debug","message":"结束获取“明德”。","plugin":"cli","timestamp":"2025-08-30T10:41:33.240Z"}
{"hook":"fetch_each.after","level":"debug","message":"结束获取“马克思”。","plugin":"cli","timestamp":"2025-08-30T10:41:33.249Z"}
{"hook":"fetch_each.after","level":"debug","message":"结束获取“北京书院”。","plugin":"cli","timestamp":"2025-08-30T10:41:33.269Z"}
{"hook":"fetch_each.after","level":"debug","message":"结束获取“延河”。","plugin":"cli","timestamp":"2025-08-30T10:41:33.344Z"}
{"hook":"fetch_each.after","level":"debug","message":"结束获取“人事”。","plugin":"cli","timestamp":"2025-08-30T10:41:33.431Z"}
{"hook":"fetch_each.after","level":"debug","message":"结束获取“公开数据”。","plugin":"cli","timestamp":"2025-08-30T10:41:33.456Z"}
{"hook":"fetch_each.after","level":"debug","message":"结束获取“生命”。","plugin":"cli","timestamp":"2025-08-30T10:41:33.461Z"}
{"hook":"fetch_each.after","level":"debug","message":"结束获取“外国语”。","plugin":"cli","timestamp":"2025-08-30T10:41:33.471Z"}
{"hook":"fetch_each.after","level":"debug","message":"结束获取“招采”。","plugin":"cli","timestamp":"2025-08-30T10:41:33.480Z"}
{"hook":"fetch_each.after","level":"debug","message":"结束获取“公开通知”。","plugin":"cli","timestamp":"2025-08-30T10:41:33.485Z"}
{"hook":"fetch_each.after","level":"debug","message":"结束获取“国际组织”。","plugin":"cli","timestamp":"2025-08-30T10:41:33.489Z"}
{"hook":"fetch_each.after","level":"debug","message":"结束获取“机电”。","plugin":"cli","timestamp":"2025-08-30T10:41:33.492Z"}
{"hook":"fetch_each.after","level":"debug","message":"结束获取“医学”。","plugin":"cli","timestamp":"2025-08-30T10:41:33.653Z"}
{"hook":"fetch_each.after","level":"debug","message":"结束获取“集电”。","plugin":"cli","timestamp":"2025-08-30T10:41:33.663Z"}
{"level":"warn","message":"未从“法学”获取到任何通知。将忽略。","plugin":"cli","timestamp":"2025-08-30T10:41:33.666Z"}
{"hook":"fetch_each.after","level":"debug","message":"结束获取“法学”。","plugin":"cli","timestamp":"2025-08-30T10:41:33.667Z"}
{"hook":"fetch_each.after","level":"debug","message":"结束获取“资实”。","plugin":"cli","timestamp":"2025-08-30T10:41:33.685Z"}
{"hook":"fetch_each.after","level":"debug","message":"结束获取“自动化”。","plugin":"cli","timestamp":"2025-08-30T10:41:33.693Z"}
{"hook":"fetch_each.after","level":"debug","message":"结束获取“宇航”。","plugin":"cli","timestamp":"2025-08-30T10:41:33.693Z"}
{"hook":"fetch_each.after","level":"debug","message":"结束获取“物理”。","plugin":"cli","timestamp":"2025-08-30T10:41:33.698Z"}
{"hook":"fetch_each.after","level":"debug","message":"结束获取“机车”。","plugin":"cli","timestamp":"2025-08-30T10:41:33.841Z"}
{"hook":"fetch_each.after","level":"debug","message":"结束获取“数学”。","plugin":"cli","timestamp":"2025-08-30T10:41:33.875Z"}
{"hook":"fetch_each.after","level":"debug","message":"结束获取“材料”。","plugin":"cli","timestamp":"2025-08-30T10:41:33.894Z"}
{"hook":"fetch_each.after","level":"debug","message":"结束获取“校医院”。","plugin":"cli","timestamp":"2025-08-30T10:41:33.916Z"}
{"hook":"fetch_each.after","level":"debug","message":"结束获取“化学”。","plugin":"cli","timestamp":"2025-08-30T10:41:33.933Z"}
{"hook":"fetch_each.after","level":"debug","message":"结束获取“网信”。","plugin":"cli","timestamp":"2025-08-30T10:41:33.959Z"}
{"hook":"fetch_each.after","level":"debug","message":"结束获取“国际交流”。","plugin":"cli","timestamp":"2025-08-30T10:41:33.967Z"}
{"hook":"fetch_each.after","level":"debug","message":"结束获取“光电”。","plugin":"cli","timestamp":"2025-08-30T10:41:34.144Z"}
{"hook":"fetch_each.after","level":"debug","message":"结束获取“研究生”。","plugin":"cli","timestamp":"2025-08-30T10:41:34.562Z"}
{"hook":"fetch_each.after","level":"debug","message":"结束获取“信电”。","plugin":"cli","timestamp":"2025-08-30T10:41:34.786Z"}
{"hook":"fetch_each.after","level":"debug","message":"结束获取“新生”。","plugin":"cli","timestamp":"2025-08-30T10:41:34.959Z"}
{"hook":"fetch_each.after","level":"debug","message":"结束获取“通用”。","plugin":"cli","timestamp":"2025-08-30T10:41:36.948Z"}
{"level":"warn","message":"未找到以往通知，您可能是第一次运行。将忽略。","timestamp":"2025-08-30T10:41:36.954Z"}
{"level":"info","message":"已按需保存到“output/notices.json”。","plugin":"cli","timestamp":"2025-08-30T10:41:36.957Z"}
{"level":"info","message":"已保存到“output/feed.rss”。","plugin":"rss","timestamp":"2025-08-30T10:41:36.960Z"}
